C51 COMPILER V9.60.0.0   RFID                                                              04/29/2022 22:46:34 PAGE 1   


C51 COMPILER V9.60.0.0, COMPILATION OF MODULE RFID
OBJECT MODULE PLACED IN .\Objects\RFID.obj
COMPILER INVOKED BY: C:\Keil_v5\C51\BIN\C51.EXE RFID.c OPTIMIZE(8,SPEED) BROWSE DEBUG OBJECTEXTEND PRINT(.\Listings\RFID
                    -.lst) TABS(2) OBJECT(.\Objects\RFID.obj)

line level    source

   1          #include<reg52.h>              //including sfr registers for ports of the controller
   2          #include<LCD.h>
   3          void check();
   4          
   5          unsigned char tag1[12]={"8234HEY34GH8"};
   6          unsigned char emp1[]={"SHIVAM GARG"};
   7          unsigned char tag2[12]={"2948GFH34IR4"};
   8          unsigned char emp2[]={"SHAURYA WADEHRA"};
   9          unsigned char tag3[12]={"3847DFJI45GK"};
  10          unsigned char emp3[]={"ASHISH GIRDHAR"};
  11          unsigned char attendance[3]={"000"};
  12          unsigned char a[12],x;
  13          
  14          //LCD Module Connections
  15          sbit RS = P0^0;                                                                   
  16          sbit EN = P0^1;                            
  17          sbit D0 = P2^0;
  18          sbit D1 = P2^1;
  19          sbit D2 = P2^2;
  20          sbit D3 = P2^3;
  21          sbit D4 = P2^4;
  22          sbit D5 = P2^5;
  23          sbit D6 = P2^6;
  24          sbit D7 = P2^7;
  25          //End LCD Module Connections
  26          
  27          void Delay(int a)
  28          { 
  29   1          int j;
  30   1          int i;
  31   1          for(i=0;i<a;i++)
  32   1          {
  33   2              for(j=0;j<100;j++)
  34   2              {
  35   3              }
  36   2          }
  37   1      }
  38          
  39          void main()
  40          {
  41   1        SCON=0X50;
  42   1        TMOD=0X20;
  43   1        TH1=-3;
  44   1        TR1=1;
  45   1        Lcd8_init();                                  
*** WARNING C206 IN LINE 45 OF RFID.c: 'Lcd8_init': missing function-prototype
  46   1        while(1)
  47   1        {   
  48   2          Lcd8_Set_Cursor(1,1);
  49   2          Lcd8_Write_String("Hello Everyone");    
  50   2          for(x=0;x<12;x++)
  51   2          {
  52   3          while(RI==0);
  53   3          a[x]=SBUF;
C51 COMPILER V9.60.0.0   RFID                                                              04/29/2022 22:46:34 PAGE 2   

  54   3          SBUF=a[x];
  55   3          while(TI==0);
  56   3          RI=0;
  57   3          TI=0;
  58   3          }
  59   2          Lcd8_Clear();
  60   2          check();
  61   2        }
  62   1      }
  63          void check()
  64          {
  65   1          int i;
  66   1          if((a[0]=='8')&&(a[1]='2')&&(a[2]=='3')&&(a[3]='4')&&(a[4]=='H')&&(a[5]='E')&&(a[6]=='Y')&&(a[7]='3')&&(
             -a[8]=='4')&&(a[9]='G')&&(a[10]=='H')&&(a[11]='8'))
  67   1        {
  68   2          if(attendance[0]=='0'){
  69   3            Lcd8_Write_String("SHIVAM GARG");
  70   3            attendance[0]='1';
  71   3            for(i=0;i<7;i++)
  72   3            {
  73   4            Delay(500);
  74   4            Lcd8_Shift_Left();
  75   4            }
  76   3            for(i=0;i<7;i++)
  77   3            {
  78   4            Delay(500);
  79   4            Lcd8_Shift_Right();
  80   4            }
  81   3          }
  82   2          else Lcd8_Write_String("Already Marked");
  83   2          Delay(2000);
  84   2          Lcd8_Clear();
  85   2        }
  86   1        else if((a[0]=='2')&&(a[1]='9')&&(a[2]=='4')&&(a[3]='8')&&(a[4]=='G')&&(a[5]='F')&&(a[6]=='H')&&(a[7]='3'
             -)&&(a[8]=='4')&&(a[9]='I')&&(a[10]=='R')&&(a[11]='4'))
  87   1        {
  88   2          if(attendance[1]=='0'){
  89   3          Lcd8_Write_String("SHAURYA WADEHRA");
  90   3            attendance[1]='1';
  91   3          for(i=0;i<7;i++)
  92   3          {
  93   4            Delay(500);
  94   4            Lcd8_Shift_Left();
  95   4          }
  96   3          for(i=0;i<7;i++)
  97   3          {
  98   4            Delay(500);
  99   4            Lcd8_Shift_Right();
 100   4          }
 101   3        } else Lcd8_Write_String("Already Marked");
 102   2          Delay(2000);
 103   2          Lcd8_Clear();
 104   2        }
 105   1        else if((a[0]=='3')&&(a[1]='8')&&(a[2]=='4')&&(a[3]='7')&&(a[4]=='D')&&(a[5]='F')&&(a[6]=='J')&&(a[7]='I'
             -)&&(a[8]=='4')&&(a[9]='5')&&(a[10]=='G')&&(a[11]='K'))
 106   1        {   
 107   2          if(attendance[2]=='0'){
 108   3          Lcd8_Write_String("ASHISH GIRDHAR");
 109   3                  attendance[2]='1';
 110   3          for(i=0;i<7;i++)
 111   3          {
 112   4            Delay(500);
C51 COMPILER V9.60.0.0   RFID                                                              04/29/2022 22:46:34 PAGE 3   

 113   4            Lcd8_Shift_Left();
 114   4          }
 115   3          for(i=0;i<7;i++)
 116   3          {
 117   4            Delay(500);
 118   4            Lcd8_Shift_Right();
 119   4          }
 120   3        }else Lcd8_Write_String("Already Marked");
 121   2          Delay(2000);
 122   2          Lcd8_Clear();
 123   2        }
 124   1        else {
 125   2          Lcd8_Write_String("USER NOT FOUND");
 126   2          for(i=0;i<7;i++)
 127   2          {
 128   3            Delay(500);
 129   3            Lcd8_Shift_Left();
 130   3          }
 131   2          for(i=0;i<7;i++)
 132   2          {
 133   3            Delay(500);
 134   3            Lcd8_Shift_Right();
 135   3          }
 136   2          Delay(1000);
 137   2          Lcd8_Clear();
 138   2        }
 139   1      }
 140          
*** WARNING C290 IN LINE 84 OF RFID.c: missing return value
*** WARNING C290 IN LINE 176 OF RFID.c: missing return value


MODULE INFORMATION:   STATIC OVERLAYABLE
   CODE SIZE        =   1249    ----
   CONSTANT SIZE    =     88    ----
   XDATA SIZE       =   ----    ----
   PDATA SIZE       =   ----    ----
   DATA SIZE        =     95      17
   IDATA SIZE       =   ----    ----
   BIT SIZE         =   ----    ----
END OF MODULE INFORMATION.


C51 COMPILATION COMPLETE.  3 WARNING(S),  0 ERROR(S)
